<?xml version="1.0" encoding="UTF-8"?>
<testsuite name="TeamTest" tests="4" skipped="0" failures="0" errors="0" timestamp="2017-12-11T07:02:47" hostname="stewart-HP-Pavilion-15-Notebook-PC" time="0.14">
  <properties/>
  <testcase name="find_returnsTeamWithSameId_secondTeam" classname="TeamTest" time="0.002"/>
  <testcase name="addHero_addsHeroToList_true" classname="TeamTest" time="0.134"/>
  <testcase name="all_returnsAllInstancesOfSquad_true" classname="TeamTest" time="0.001"/>
  <testcase name="clear_emptiesAllCategoriesFromList_0" classname="TeamTest" time="0.0"/>
  <system-out><![CDATA[]]></system-out>
  <system-err><![CDATA[]]></system-err>
</testsuite>
